0 info it worked if it ends with ok
1 verbose cli [ '/usr/local/Cellar/node/5.5.0/bin/node',
1 verbose cli   '/usr/local/bin/npm',
1 verbose cli   'publish' ]
2 info using npm@3.5.3
3 info using node@v5.5.0
4 verbose publish [ '.' ]
5 silly cache add args [ '.', null ]
6 verbose cache add spec .
7 silly cache add parsed spec Result {
7 silly cache add   raw: '.',
7 silly cache add   scope: null,
7 silly cache add   name: null,
7 silly cache add   rawSpec: '.',
7 silly cache add   spec: '/Users/amirfl/react-native-projects/react-native-num-textinput',
7 silly cache add   type: 'directory' }
8 verbose addLocalDirectory /Users/amirfl/.npm/react-native-num-textinput/1.0.0/package.tgz not in flight; packing
9 info lifecycle react-native-num-textinput@1.0.0~prepublish: react-native-num-textinput@1.0.0
10 silly lifecycle react-native-num-textinput@1.0.0~prepublish: no script for prepublish, continuing
11 verbose tar pack [ '/Users/amirfl/.npm/react-native-num-textinput/1.0.0/package.tgz',
11 verbose tar pack   '/Users/amirfl/react-native-projects/react-native-num-textinput' ]
12 verbose tarball /Users/amirfl/.npm/react-native-num-textinput/1.0.0/package.tgz
13 verbose folder /Users/amirfl/react-native-projects/react-native-num-textinput
14 verbose addLocalTarball adding from inside cache /Users/amirfl/.npm/react-native-num-textinput/1.0.0/package.tgz
15 silly cache afterAdd react-native-num-textinput@1.0.0
16 verbose afterAdd /Users/amirfl/.npm/react-native-num-textinput/1.0.0/package/package.json not in flight; writing
17 verbose afterAdd /Users/amirfl/.npm/react-native-num-textinput/1.0.0/package/package.json written
18 silly publish { name: 'react-native-num-textinput',
18 silly publish   version: '1.0.0',
18 silly publish   description: 'A wrapper component for TextInput that accepts only numerical values',
18 silly publish   main: 'index.js',
18 silly publish   scripts: { test: 'echo "Error: no test specified" && exit 1' },
18 silly publish   repository:
18 silly publish    { type: 'git',
18 silly publish      url: 'git+https://github.com/amirfl/react-native-num-textinput.git' },
18 silly publish   keywords: [ 'react', 'native', 'react', 'textinput', 'numerical' ],
18 silly publish   author:
18 silly publish    { name: 'Amir Fleminger',
18 silly publish      email: 'amirfl@yahoo.com',
18 silly publish      url: 'http://flemingermedia.com/' },
18 silly publish   license: 'MIT',
18 silly publish   bugs: { url: 'https://github.com/amirfl/react-native-num-textinput/issues' },
18 silly publish   homepage: 'https://github.com/amirfl/react-native-num-textinput#readme',
18 silly publish   readme: '# react-native-num-textinput\nA wrapper component for TextInput that accepts only numerical values\n\n## Usage\nDonwload or clone the project, or just the component file at [lib/NumericalTextInput.js](https://github.com/amirfl/react-native-num-textinput/blob/master/lib/NumericalTextInput.js).\n\n### Inside your parent component:\n\n* import the component\n\n```import NumTextInput from \'react-native-num-textinput\'```\n\n* Use it like a regular TextInput. Inside your render() method:\n\n\n```<NumTextInput style={styles.textInputStyle} \n            onChangeText={(text)=> this.setState({myText:text})}\n            value={this.state.myText.toString()}\n            />```\n',
18 silly publish   readmeFilename: 'README.md',
18 silly publish   gitHead: 'f8369241ad1d3d38effbee17d9a010e7f493b106',
18 silly publish   _id: 'react-native-num-textinput@1.0.0',
18 silly publish   _shasum: 'c603a213dbc6f24fc3fa35c57ed043744f6373be',
18 silly publish   _from: '.' }
19 verbose getPublishConfig undefined
20 silly mapToRegistry name react-native-num-textinput
21 silly mapToRegistry using default registry
22 silly mapToRegistry registry https://registry.npmjs.org/
23 silly mapToRegistry uri https://registry.npmjs.org/react-native-num-textinput
24 verbose publish registryBase https://registry.npmjs.org/
25 silly publish uploading /Users/amirfl/.npm/react-native-num-textinput/1.0.0/package.tgz
26 verbose request uri https://registry.npmjs.org/react-native-num-textinput
27 verbose request sending authorization for write operation
28 info attempt registry request try #1 at 7:30:41 PM
29 verbose request using bearer token for auth
30 verbose request id 65bf6db06ac89b79
31 http request PUT https://registry.npmjs.org/react-native-num-textinput
32 http 403 https://registry.npmjs.org/react-native-num-textinput
33 verbose headers { 'content-type': 'application/json',
33 verbose headers   'cache-control': 'max-age=300',
33 verbose headers   'content-length': '95',
33 verbose headers   'accept-ranges': 'bytes',
33 verbose headers   date: 'Sun, 28 Aug 2016 23:30:43 GMT',
33 verbose headers   via: '1.1 varnish',
33 verbose headers   connection: 'keep-alive',
33 verbose headers   'x-served-by': 'cache-atl6230-ATL',
33 verbose headers   'x-cache': 'MISS',
33 verbose headers   'x-cache-hits': '0',
33 verbose headers   'x-timer': 'S1472427042.260383,VS0,VE914',
33 verbose headers   vary: 'Accept-Encoding' }
34 verbose request invalidating /Users/amirfl/.npm/registry.npmjs.org/react-native-num-textinput on PUT
35 error publish Failed PUT 403
36 verbose stack Error: "You cannot publish over the previously published version 1.0.0." : react-native-num-textinput
36 verbose stack     at makeError (/usr/local/lib/node_modules/npm/node_modules/npm-registry-client/lib/request.js:264:12)
36 verbose stack     at CachingRegistryClient.<anonymous> (/usr/local/lib/node_modules/npm/node_modules/npm-registry-client/lib/request.js:252:14)
36 verbose stack     at Request._callback (/usr/local/lib/node_modules/npm/node_modules/npm-registry-client/lib/request.js:172:14)
36 verbose stack     at Request.self.callback (/usr/local/lib/node_modules/npm/node_modules/request/request.js:198:22)
36 verbose stack     at emitTwo (events.js:100:13)
36 verbose stack     at Request.emit (events.js:185:7)
36 verbose stack     at Request.<anonymous> (/usr/local/lib/node_modules/npm/node_modules/request/request.js:1035:10)
36 verbose stack     at emitOne (events.js:95:20)
36 verbose stack     at Request.emit (events.js:182:7)
36 verbose stack     at IncomingMessage.<anonymous> (/usr/local/lib/node_modules/npm/node_modules/request/request.js:962:12)
37 verbose statusCode 403
38 verbose pkgid react-native-num-textinput
39 verbose cwd /Users/amirfl/react-native-projects/react-native-num-textinput
40 error Darwin 15.6.0
41 error argv "/usr/local/Cellar/node/5.5.0/bin/node" "/usr/local/bin/npm" "publish"
42 error node v5.5.0
43 error npm  v3.5.3
44 error code E403
45 error "You cannot publish over the previously published version 1.0.0." : react-native-num-textinput
46 error If you need help, you may report this error at:
46 error     <https://github.com/npm/npm/issues>
47 verbose exit [ 1, true ]
